<?xml version="1.0" encoding="UTF-8"?>
<!-- Generated by org.testng.reporters.JUnitXMLReporter -->
<testsuite ignored="0" hostname="LAPTOP-IJTKHJ02" failures="1" tests="21" name="Test" time="210.447" errors="0" timestamp="2025-01-11T22:34:07 IST">
  <testcase classname="testscripts.GoogleSearchTest" name="@AfterTest aftermeth" time="0.01">
    <failure type="org.openqa.selenium.WebDriverException" message="disconnected: not connected to DevTools
  (failed to check if window was closed: disconnected: not connected to DevTools)
  (Session info: chrome=131.0.6778.265)
Build info: version: &amp;apos;4.27.0&amp;apos;, revision: &amp;apos;d6e718d134&amp;apos;
System info: os.name: &amp;apos;Windows 11&amp;apos;, os.arch: &amp;apos;amd64&amp;apos;, os.version: &amp;apos;10.0&amp;apos;, java.version: &amp;apos;11.0.24&amp;apos;
Driver info: org.openqa.selenium.chrome.ChromeDriver
Command: [0fc1151974f9ce3780797b3516d73840, close {}]
Capabilities {acceptInsecureCerts: false, browserName: chrome, browserVersion: 131.0.6778.265, chrome: {chromedriverVersion: 131.0.6778.264 (2d05e315153..., userDataDir: C:\Users\ramu3\AppData\Loca...}, fedcm:accounts: true, goog:chromeOptions: {debuggerAddress: localhost:64864}, networkConnectionEnabled: false, pageLoadStrategy: normal, platformName: windows, proxy: Proxy(), se:cdp: ws://localhost:64864/devtoo..., se:cdpVersion: 131.0.6778.265, setWindowRect: true, strictFileInteractability: false, timeouts: {implicit: 0, pageLoad: 300000, script: 30000}, unhandledPromptBehavior: dismiss and notify, webauthn:extension:credBlob: true, webauthn:extension:largeBlob: true, webauthn:extension:minPinLength: true, webauthn:extension:prf: true, webauthn:virtualAuthenticators: true}
Session ID: 0fc1151974f9ce3780797b3516d73840">
      <![CDATA[org.openqa.selenium.WebDriverException: disconnected: not connected to DevTools
  (failed to check if window was closed: disconnected: not connected to DevTools)
  (Session info: chrome=131.0.6778.265)
Build info: version: '4.27.0', revision: 'd6e718d134'
System info: os.name: 'Windows 11', os.arch: 'amd64', os.version: '10.0', java.version: '11.0.24'
Driver info: org.openqa.selenium.chrome.ChromeDriver
Command: [0fc1151974f9ce3780797b3516d73840, close {}]
Capabilities {acceptInsecureCerts: false, browserName: chrome, browserVersion: 131.0.6778.265, chrome: {chromedriverVersion: 131.0.6778.264 (2d05e315153..., userDataDir: C:\Users\ramu3\AppData\Loca...}, fedcm:accounts: true, goog:chromeOptions: {debuggerAddress: localhost:64864}, networkConnectionEnabled: false, pageLoadStrategy: normal, platformName: windows, proxy: Proxy(), se:cdp: ws://localhost:64864/devtoo..., se:cdpVersion: 131.0.6778.265, setWindowRect: true, strictFileInteractability: false, timeouts: {implicit: 0, pageLoad: 300000, script: 30000}, unhandledPromptBehavior: dismiss and notify, webauthn:extension:credBlob: true, webauthn:extension:largeBlob: true, webauthn:extension:minPinLength: true, webauthn:extension:prf: true, webauthn:virtualAuthenticators: true}
Session ID: 0fc1151974f9ce3780797b3516d73840
at org.openqa.selenium.remote.ErrorCodec.decode(ErrorCodec.java:167)
at org.openqa.selenium.remote.codec.w3c.W3CHttpResponseCodec.decode(W3CHttpResponseCodec.java:138)
at org.openqa.selenium.remote.codec.w3c.W3CHttpResponseCodec.decode(W3CHttpResponseCodec.java:50)
at org.openqa.selenium.remote.HttpCommandExecutor.execute(HttpCommandExecutor.java:190)
at org.openqa.selenium.remote.service.DriverCommandExecutor.invokeExecute(DriverCommandExecutor.java:216)
at org.openqa.selenium.remote.service.DriverCommandExecutor.execute(DriverCommandExecutor.java:174)
at org.openqa.selenium.remote.RemoteWebDriver.execute(RemoteWebDriver.java:545)
at org.openqa.selenium.remote.RemoteWebDriver.execute(RemoteWebDriver.java:618)
at org.openqa.selenium.remote.RemoteWebDriver.execute(RemoteWebDriver.java:622)
at org.openqa.selenium.remote.RemoteWebDriver.close(RemoteWebDriver.java:418)
at testscripts.GoogleSearchTest.aftermeth(GoogleSearchTest.java:28)
... Removed 28 stack frames]]>
    </failure>
  </testcase> <!-- @AfterTest aftermeth -->
  <testcase classname="testscripts.RelativeLoacatersTest" name="f" time="12.169"/>
  <testcase classname="testscripts.DownloadFileTest" name="filedownload" time="11.66"/>
  <testcase classname="testscripts.DropdownTest" name="selectValue" time="7.848"/>
  <testcase classname="testscripts.GooglePageTest" name="seleniumsearchTest" time="6.042"/>
  <testcase classname="testscripts.ShadowDOMTest" name="ShadowTest" time="4.344"/>
  <testcase classname="testscripts.MouseActionsTest" name="mouseactions" time="8.974"/>
  <testcase classname="testscripts.PageLoadTest" name="pageload" time="10.648"/>
  <testcase classname="testscripts.ExpWaitTest" name="expwait" time="20.068"/>
  <testcase classname="testscripts.WindowPopupTest" name="winpop" time="32.76"/>
  <testcase classname="testscripts.AutoCompleteTest" name="f" time="5.645"/>
  <testcase classname="testscripts.GoogleSearchTest" name="javasearch" time="3.364">
    <failure type="java.lang.AssertionError" message="expected [Java Tutorial - Google Searchkkk] but found [Java Tutorial - Google Search]">
      <![CDATA[java.lang.AssertionError: expected [Java Tutorial - Google Searchkkk] but found [Java Tutorial - Google Search]
at testscripts.GoogleSearchTest.javasearch(GoogleSearchTest.java:47)
at java.base/java.util.ArrayList.forEach(ArrayList.java:1541)
... Removed 33 stack frames]]>
    </failure>
  </testcase> <!-- javasearch -->
  <testcase classname="testscripts.GoogleSearchTest" name="seleniumsearch" time="2.56"/>
  <testcase classname="testscripts.RadiCheckBoxTest" name="f" time="16.751"/>
  <testcase classname="testscripts.FileUploadTest" name="f" time="4.051"/>
  <testcase classname="testscripts.JSExecTest" name="f" time="19.885"/>
  <testcase classname="testscripts.WebTableTest" name="VerifyBookDetails" time="6.154"/>
  <testcase classname="testscripts.LoginTest" name="validLogin" time="8.249"/>
  <testcase classname="testscripts.DisplayTest" name="f" time="5.468"/>
  <testcase classname="testscripts.ToolTipTest" name="tooltip" time="6.456"/>
  <testcase classname="testscripts.AlertTest" name="alertest" time="6.637"/>
  <testcase classname="testscripts.IframeTest" name="f" time="7.764"/>
</testsuite> <!-- Test -->
